[debug] [2023-08-30T20:07:18.459Z] ----------------------------------------------------------------------
[debug] [2023-08-30T20:07:18.462Z] Command:       C:\Program Files\nodejs\node.exe C:\Users\Zoofishan Maryam\AppData\Roaming\npm\node_modules\firebase-tools\lib\bin\firebase.js init
[debug] [2023-08-30T20:07:18.462Z] CLI Version:   12.5.2
[debug] [2023-08-30T20:07:18.462Z] Platform:      win32
[debug] [2023-08-30T20:07:18.463Z] Node Version:  v20.5.1
[debug] [2023-08-30T20:07:18.463Z] Time:          Thu Aug 31 2023 01:37:18 GMT+0530 (India Standard Time)
[debug] [2023-08-30T20:07:18.463Z] ----------------------------------------------------------------------
[debug] 
[debug] [2023-08-30T20:07:18.468Z] > command requires scopes: ["email","openid","https://www.googleapis.com/auth/cloudplatformprojects.readonly","https://www.googleapis.com/auth/firebase","https://www.googleapis.com/auth/cloud-platform"]
[debug] [2023-08-30T20:07:18.469Z] > authorizing via signed-in user (zoofishancode@gmail.com)
[info] 
     ######## #### ########  ######## ########     ###     ######  ########
     ##        ##  ##     ## ##       ##     ##  ##   ##  ##       ##
     ######    ##  ########  ######   ########  #########  ######  ######
     ##        ##  ##    ##  ##       ##     ## ##     ##       ## ##
     ##       #### ##     ## ######## ########  ##     ##  ######  ########

You're about to initialize a Firebase project in this directory:

  C:\Users\Zoofishan Maryam\Desktop\WebD\Ecom\client

[info] 
=== Project Setup
[info] 
[info] First, let's associate this project directory with a Firebase project.
[info] You can create multiple project aliases by running firebase use --add, 
[info] but for now we'll just set up a default project.
[info] 
[debug] [2023-08-30T20:09:25.412Z] >>> [apiv2][query] GET https://firebase.googleapis.com/v1beta1/projects pageSize=100
[debug] [2023-08-30T20:09:26.856Z] <<< [apiv2][status] GET https://firebase.googleapis.com/v1beta1/projects 200
[debug] [2023-08-30T20:09:26.857Z] <<< [apiv2][body] GET https://firebase.googleapis.com/v1beta1/projects [omitted]
